<?xml version="1.0" encoding="UTF-8"?>
<testsuite xmlns:xsi="http://www.w3.org/2001/XMLSchema-instance" xsi:noNamespaceSchemaLocation="https://maven.apache.org/surefire/maven-surefire-plugin/xsd/surefire-test-report.xsd" version="3.0.2" name="io.harness.jhttp.functional.HttpClientTest" time="173.433" tests="28" errors="0" skipped="0" failures="0">
  <properties>
[...]
</properties>
  <testcase name="test404" classname="io.harness.jhttp.functional.HttpClientTest" time="0.12"/>
  <testcase name="testStaticFile" classname="io.harness.jhttp.functional.HttpClientTest" time="20.124"/>
  <testcase name="testStaticFile0576" classname="io.harness.jhttp.functional.HttpClientTest" time="2.111"/>
  <testcase name="testStaticFile0676" classname="io.harness.jhttp.functional.HttpClientTest" time="2.118"/>
  <testcase name="testStaticFile0776" classname="io.harness.jhttp.functional.HttpClientTest" time="2.115"/>
  <testcase name="testStaticFile0876" classname="io.harness.jhttp.functional.HttpClientTest" time="6.124"/>
  <testcase name="testStaticFile0976" classname="io.harness.jhttp.functional.HttpClientTest" time="1.113"/>
  <testcase name="testStaticFile1234" classname="io.harness.jhttp.functional.HttpClientTest" time="10.119"/>
  <testcase name="testStaticFile2234" classname="io.harness.jhttp.functional.HttpClientTest" time="16.116"/>
  <testcase name="testStaticFile2341" classname="io.harness.jhttp.functional.HttpClientTest" time="10.121"/>
  <testcase name="testStaticFile6121" classname="io.harness.jhttp.functional.HttpClientTest" time="12.113"/>
  <testcase name="testStaticFile6141" classname="io.harness.jhttp.functional.HttpClientTest" time="10.119"/>
  <testcase name="testStaticFile6341" classname="io.harness.jhttp.functional.HttpClientTest" time="10.12"/>
  <testcase name="testStaticFile7777" classname="io.harness.jhttp.functional.HttpClientTest" time="4.127"/>
  <testcase name="testDirectoryIndex" classname="io.harness.jhttp.functional.HttpClientTest" time="10.115"/>
  <testcase name="testStaticFile01776" classname="io.harness.jhttp.functional.HttpClientTest" time="2.112"/>
  <testcase name="testStaticFile02776" classname="io.harness.jhttp.functional.HttpClientTest" time="2.115"/>
  <testcase name="testStaticFile03776" classname="io.harness.jhttp.functional.HttpClientTest" time="2.109"/>
  <testcase name="testStaticFile04776" classname="io.harness.jhttp.functional.HttpClientTest" time="2.112"/>
  <testcase name="testStaticFile07776" classname="io.harness.jhttp.functional.HttpClientTest" time="2.123"/>
  <testcase name="testStaticFile09176" classname="io.harness.jhttp.functional.HttpClientTest" time="1.119"/>
  <testcase name="testStaticFile09276" classname="io.harness.jhttp.functional.HttpClientTest" time="1.116"/>
  <testcase name="testStaticFile09376" classname="io.harness.jhttp.functional.HttpClientTest" time="1.122"/>
  <testcase name="testStaticFile09476" classname="io.harness.jhttp.functional.HttpClientTest" time="1.109"/>
  <testcase name="testStaticFile09576" classname="io.harness.jhttp.functional.HttpClientTest" time="1.125"/>
  <testcase name="testStaticFile61212" classname="io.harness.jhttp.functional.HttpClientTest" time="9.115"/>
  <testcase name="testStaticFile61272" classname="io.harness.jhttp.functional.HttpClientTest" time="21.119"/>
  <testcase name="testStaticFile123" classname="io.harness.jhttp.functional.HttpClientTest" time="10.112"/>
</testsuite>