<?xml version="1.0" encoding="UTF-8"?>
<testsuite xmlns:xsi="http://www.w3.org/2001/XMLSchema-instance" xsi:noNamespaceSchemaLocation="https://maven.apache.org/surefire/maven-surefire-plugin/xsd/surefire-test-report.xsd" version="3.0.2" name="io.harness.jhttp.server.SocketHttpResponseTest" time="0.01" tests="5" errors="0" skipped="0" failures="0">
  <properties>
[...]
</properties>
  <testcase name="testOnlyPrintWriter" classname="io.harness.jhttp.server.SocketHttpResponseTest" time="0.0"/>
  <testcase name="testAddHeader" classname="io.harness.jhttp.server.SocketHttpResponseTest" time="0.001"/>
  <testcase name="testNoHeadersAfterCommit" classname="io.harness.jhttp.server.SocketHttpResponseTest" time="0.007"/>
  <testcase name="testOnlyOutputStream" classname="io.harness.jhttp.server.SocketHttpResponseTest" time="0.001"/>
  <testcase name="testNoSetContentTypeAfterCommit" classname="io.harness.jhttp.server.SocketHttpResponseTest" time="0.001"/>
</testsuite>